{"D:\\Abhishek\\Projects\\Mini Investment Platform\\backend\\src\\app.ts": {"path":"D:\\Abhishek\\Projects\\Mini Investment Platform\\backend\\src\\app.ts","statementMap":{"0":{"start":{"line":2,"column":0},"end":{"line":2,"column":30}},"1":{"start":{"line":3,"column":0},"end":{"line":3,"column":65}},"2":{"start":{"line":4,"column":0},"end":{"line":4,"column":46}},"3":{"start":{"line":5,"column":0},"end":{"line":5,"column":52}},"4":{"start":{"line":6,"column":0},"end":{"line":6,"column":58}},"5":{"start":{"line":8,"column":13},"end":{"line":8,"column":29}},"6":{"start":{"line":10,"column":0},"end":{"line":10,"column":24}},"7":{"start":{"line":11,"column":0},"end":{"line":11,"column":26}},"8":{"start":{"line":13,"column":0},"end":{"line":13,"column":33}},"9":{"start":{"line":14,"column":0},"end":{"line":14,"column":40}},"10":{"start":{"line":15,"column":0},"end":{"line":15,"column":46}}},"fnMap":{},"branchMap":{},"s":{"0":3,"1":3,"2":3,"3":3,"4":3,"5":3,"6":3,"7":3,"8":3,"9":3,"10":3},"f":{},"b":{}}
,"D:\\Abhishek\\Projects\\Mini Investment Platform\\backend\\src\\middleware\\adminMiddleware.ts": {"path":"D:\\Abhishek\\Projects\\Mini Investment Platform\\backend\\src\\middleware\\adminMiddleware.ts","statementMap":{"0":{"start":{"line":7,"column":22},"end":{"line":7,"column":47}},"1":{"start":{"line":9,"column":31},"end":{"line":21,"column":1}},"2":{"start":{"line":10,"column":2},"end":{"line":14,"column":3}},"3":{"start":{"line":12,"column":4},"end":{"line":12,"column":79}},"4":{"start":{"line":13,"column":4},"end":{"line":13,"column":76}},"5":{"start":{"line":16,"column":2},"end":{"line":18,"column":3}},"6":{"start":{"line":17,"column":4},"end":{"line":17,"column":82}},"7":{"start":{"line":20,"column":2},"end":{"line":20,"column":9}},"8":{"start":{"line":9,"column":13},"end":{"line":9,"column":31}}},"fnMap":{"0":{"name":"(anonymous_0)","decl":{"start":{"line":9,"column":31},"end":{"line":9,"column":32}},"loc":{"start":{"line":9,"column":87},"end":{"line":21,"column":1}}}},"branchMap":{"0":{"loc":{"start":{"line":10,"column":2},"end":{"line":14,"column":3}},"type":"if","locations":[{"start":{"line":10,"column":2},"end":{"line":14,"column":3}},{"start":{},"end":{}}]},"1":{"loc":{"start":{"line":16,"column":2},"end":{"line":18,"column":3}},"type":"if","locations":[{"start":{"line":16,"column":2},"end":{"line":18,"column":3}},{"start":{},"end":{}}]}},"s":{"0":3,"1":3,"2":6,"3":0,"4":0,"5":6,"6":1,"7":5,"8":3},"f":{"0":6},"b":{"0":[0,6],"1":[1,5]}}
,"D:\\Abhishek\\Projects\\Mini Investment Platform\\backend\\src\\middleware\\authMiddleware.ts": {"path":"D:\\Abhishek\\Projects\\Mini Investment Platform\\backend\\src\\middleware\\authMiddleware.ts","statementMap":{"0":{"start":{"line":2,"column":0},"end":{"line":2,"column":31}},"1":{"start":{"line":9,"column":30},"end":{"line":32,"column":1}},"2":{"start":{"line":11,"column":21},"end":{"line":11,"column":49}},"3":{"start":{"line":12,"column":16},"end":{"line":12,"column":54}},"4":{"start":{"line":14,"column":2},"end":{"line":17,"column":3}},"5":{"start":{"line":16,"column":4},"end":{"line":16,"column":31}},"6":{"start":{"line":20,"column":2},"end":{"line":31,"column":5}},"7":{"start":{"line":21,"column":4},"end":{"line":24,"column":5}},"8":{"start":{"line":23,"column":6},"end":{"line":23,"column":33}},"9":{"start":{"line":27,"column":4},"end":{"line":27,"column":20}},"10":{"start":{"line":30,"column":4},"end":{"line":30,"column":11}},"11":{"start":{"line":9,"column":13},"end":{"line":9,"column":30}}},"fnMap":{"0":{"name":"(anonymous_1)","decl":{"start":{"line":9,"column":30},"end":{"line":9,"column":31}},"loc":{"start":{"line":9,"column":86},"end":{"line":32,"column":1}}},"1":{"name":"(anonymous_2)","decl":{"start":{"line":20,"column":54},"end":{"line":20,"column":55}},"loc":{"start":{"line":20,"column":78},"end":{"line":31,"column":3}}}},"branchMap":{"0":{"loc":{"start":{"line":12,"column":16},"end":{"line":12,"column":54}},"type":"binary-expr","locations":[{"start":{"line":12,"column":16},"end":{"line":12,"column":26}},{"start":{"line":12,"column":30},"end":{"line":12,"column":54}}]},"1":{"loc":{"start":{"line":14,"column":2},"end":{"line":17,"column":3}},"type":"if","locations":[{"start":{"line":14,"column":2},"end":{"line":17,"column":3}},{"start":{},"end":{}}]},"2":{"loc":{"start":{"line":21,"column":4},"end":{"line":24,"column":5}},"type":"if","locations":[{"start":{"line":21,"column":4},"end":{"line":24,"column":5}},{"start":{},"end":{}}]}},"s":{"0":3,"1":3,"2":8,"3":8,"4":8,"5":0,"6":8,"7":8,"8":0,"9":8,"10":8,"11":3},"f":{"0":8,"1":8},"b":{"0":[8,8],"1":[0,8],"2":[0,8]}}
,"D:\\Abhishek\\Projects\\Mini Investment Platform\\backend\\src\\middleware\\loggerMiddleware.ts": {"path":"D:\\Abhishek\\Projects\\Mini Investment Platform\\backend\\src\\middleware\\loggerMiddleware.ts","statementMap":{"0":{"start":{"line":3,"column":0},"end":{"line":3,"column":46}},"1":{"start":{"line":5,"column":0},"end":{"line":5,"column":31}},"2":{"start":{"line":7,"column":15},"end":{"line":7,"column":33}},"3":{"start":{"line":9,"column":32},"end":{"line":49,"column":1}},"4":{"start":{"line":11,"column":2},"end":{"line":11,"column":9}},"5":{"start":{"line":14,"column":2},"end":{"line":48,"column":5}},"6":{"start":{"line":15,"column":4},"end":{"line":47,"column":5}},"7":{"start":{"line":17,"column":6},"end":{"line":17,"column":50}},"8":{"start":{"line":17,"column":43},"end":{"line":17,"column":50}},"9":{"start":{"line":19,"column":34},"end":{"line":19,"column":38}},"10":{"start":{"line":20,"column":37},"end":{"line":20,"column":41}},"11":{"start":{"line":22,"column":25},"end":{"line":22,"column":53}},"12":{"start":{"line":23,"column":20},"end":{"line":23,"column":58}},"13":{"start":{"line":25,"column":6},"end":{"line":31,"column":7}},"14":{"start":{"line":26,"column":24},"end":{"line":26,"column":87}},"15":{"start":{"line":27,"column":8},"end":{"line":30,"column":9}},"16":{"start":{"line":28,"column":10},"end":{"line":28,"column":34}},"17":{"start":{"line":29,"column":10},"end":{"line":29,"column":44}},"18":{"start":{"line":34,"column":6},"end":{"line":44,"column":7}},"19":{"start":{"line":35,"column":8},"end":{"line":43,"column":11}},"20":{"start":{"line":46,"column":6},"end":{"line":46,"column":57}},"21":{"start":{"line":9,"column":13},"end":{"line":9,"column":32}}},"fnMap":{"0":{"name":"(anonymous_1)","decl":{"start":{"line":9,"column":32},"end":{"line":9,"column":33}},"loc":{"start":{"line":9,"column":88},"end":{"line":49,"column":1}}},"1":{"name":"(anonymous_2)","decl":{"start":{"line":14,"column":19},"end":{"line":14,"column":24}},"loc":{"start":{"line":14,"column":30},"end":{"line":48,"column":3}}}},"branchMap":{"0":{"loc":{"start":{"line":17,"column":6},"end":{"line":17,"column":50}},"type":"if","locations":[{"start":{"line":17,"column":6},"end":{"line":17,"column":50}},{"start":{},"end":{}}]},"1":{"loc":{"start":{"line":23,"column":20},"end":{"line":23,"column":58}},"type":"binary-expr","locations":[{"start":{"line":23,"column":20},"end":{"line":23,"column":30}},{"start":{"line":23,"column":34},"end":{"line":23,"column":58}}]},"2":{"loc":{"start":{"line":25,"column":6},"end":{"line":31,"column":7}},"type":"if","locations":[{"start":{"line":25,"column":6},"end":{"line":31,"column":7}},{"start":{},"end":{}}]},"3":{"loc":{"start":{"line":27,"column":8},"end":{"line":30,"column":9}},"type":"if","locations":[{"start":{"line":27,"column":8},"end":{"line":30,"column":9}},{"start":{},"end":{}}]},"4":{"loc":{"start":{"line":29,"column":22},"end":{"line":29,"column":43}},"type":"binary-expr","locations":[{"start":{"line":29,"column":22},"end":{"line":29,"column":35}},{"start":{"line":29,"column":39},"end":{"line":29,"column":43}}]},"5":{"loc":{"start":{"line":34,"column":6},"end":{"line":44,"column":7}},"type":"if","locations":[{"start":{"line":34,"column":6},"end":{"line":44,"column":7}},{"start":{},"end":{}}]}},"s":{"0":3,"1":3,"2":3,"3":3,"4":15,"5":15,"6":15,"7":15,"8":15,"9":0,"10":0,"11":0,"12":0,"13":0,"14":0,"15":0,"16":0,"17":0,"18":0,"19":0,"20":0,"21":3},"f":{"0":15,"1":15},"b":{"0":[15,0],"1":[0,0],"2":[0,0],"3":[0,0],"4":[0,0],"5":[0,0]}}
,"D:\\Abhishek\\Projects\\Mini Investment Platform\\backend\\src\\routes\\auth.routes.ts": {"path":"D:\\Abhishek\\Projects\\Mini Investment Platform\\backend\\src\\routes\\auth.routes.ts","statementMap":{"0":{"start":{"line":3,"column":0},"end":{"line":3,"column":52}},"1":{"start":{"line":4,"column":0},"end":{"line":4,"column":46}},"2":{"start":{"line":5,"column":0},"end":{"line":5,"column":30}},"3":{"start":{"line":6,"column":0},"end":{"line":6,"column":31}},"4":{"start":{"line":7,"column":0},"end":{"line":7,"column":75}},"5":{"start":{"line":9,"column":15},"end":{"line":9,"column":23}},"6":{"start":{"line":10,"column":15},"end":{"line":10,"column":33}},"7":{"start":{"line":13,"column":0},"end":{"line":53,"column":3}},"8":{"start":{"line":14,"column":4},"end":{"line":52,"column":5}},"9":{"start":{"line":15,"column":57},"end":{"line":15,"column":65}},"10":{"start":{"line":17,"column":8},"end":{"line":19,"column":9}},"11":{"start":{"line":18,"column":12},"end":{"line":18,"column":102}},"12":{"start":{"line":21,"column":29},"end":{"line":23,"column":10}},"13":{"start":{"line":25,"column":8},"end":{"line":27,"column":9}},"14":{"start":{"line":26,"column":12},"end":{"line":26,"column":93}},"15":{"start":{"line":29,"column":31},"end":{"line":29,"column":62}},"16":{"start":{"line":31,"column":24},"end":{"line":38,"column":10}},"17":{"start":{"line":40,"column":30},"end":{"line":46,"column":10}},"18":{"start":{"line":48,"column":8},"end":{"line":48,"column":44}},"19":{"start":{"line":50,"column":8},"end":{"line":50,"column":29}},"20":{"start":{"line":51,"column":8},"end":{"line":51,"column":75}},"21":{"start":{"line":56,"column":0},"end":{"line":93,"column":3}},"22":{"start":{"line":57,"column":4},"end":{"line":92,"column":5}},"23":{"start":{"line":58,"column":36},"end":{"line":58,"column":44}},"24":{"start":{"line":60,"column":8},"end":{"line":62,"column":9}},"25":{"start":{"line":61,"column":12},"end":{"line":61,"column":89}},"26":{"start":{"line":64,"column":21},"end":{"line":66,"column":10}},"27":{"start":{"line":68,"column":8},"end":{"line":70,"column":9}},"28":{"start":{"line":69,"column":12},"end":{"line":69,"column":72}},"29":{"start":{"line":72,"column":32},"end":{"line":72,"column":81}},"30":{"start":{"line":74,"column":8},"end":{"line":76,"column":9}},"31":{"start":{"line":75,"column":12},"end":{"line":75,"column":77}},"32":{"start":{"line":78,"column":8},"end":{"line":80,"column":9}},"33":{"start":{"line":79,"column":12},"end":{"line":79,"column":87}},"34":{"start":{"line":82,"column":22},"end":{"line":85,"column":null}},"35":{"start":{"line":88,"column":8},"end":{"line":88,"column":40}},"36":{"start":{"line":90,"column":8},"end":{"line":90,"column":29}},"37":{"start":{"line":91,"column":8},"end":{"line":91,"column":75}},"38":{"start":{"line":96,"column":0},"end":{"line":101,"column":3}},"39":{"start":{"line":97,"column":4},"end":{"line":100,"column":7}},"40":{"start":{"line":103,"column":0},"end":{"line":103,"column":22}}},"fnMap":{"0":{"name":"(anonymous_1)","decl":{"start":{"line":13,"column":23},"end":{"line":13,"column":28}},"loc":{"start":{"line":13,"column":61},"end":{"line":53,"column":1}}},"1":{"name":"(anonymous_2)","decl":{"start":{"line":56,"column":22},"end":{"line":56,"column":27}},"loc":{"start":{"line":56,"column":60},"end":{"line":93,"column":1}}},"2":{"name":"(anonymous_3)","decl":{"start":{"line":96,"column":39},"end":{"line":96,"column":40}},"loc":{"start":{"line":96,"column":75},"end":{"line":101,"column":1}}}},"branchMap":{"0":{"loc":{"start":{"line":17,"column":8},"end":{"line":19,"column":9}},"type":"if","locations":[{"start":{"line":17,"column":8},"end":{"line":19,"column":9}},{"start":{},"end":{}}]},"1":{"loc":{"start":{"line":17,"column":12},"end":{"line":17,"column":45}},"type":"binary-expr","locations":[{"start":{"line":17,"column":12},"end":{"line":17,"column":18}},{"start":{"line":17,"column":22},"end":{"line":17,"column":31}},{"start":{"line":17,"column":35},"end":{"line":17,"column":45}}]},"2":{"loc":{"start":{"line":25,"column":8},"end":{"line":27,"column":9}},"type":"if","locations":[{"start":{"line":25,"column":8},"end":{"line":27,"column":9}},{"start":{},"end":{}}]},"3":{"loc":{"start":{"line":60,"column":8},"end":{"line":62,"column":9}},"type":"if","locations":[{"start":{"line":60,"column":8},"end":{"line":62,"column":9}},{"start":{},"end":{}}]},"4":{"loc":{"start":{"line":60,"column":12},"end":{"line":60,"column":31}},"type":"binary-expr","locations":[{"start":{"line":60,"column":12},"end":{"line":60,"column":18}},{"start":{"line":60,"column":22},"end":{"line":60,"column":31}}]},"5":{"loc":{"start":{"line":68,"column":8},"end":{"line":70,"column":9}},"type":"if","locations":[{"start":{"line":68,"column":8},"end":{"line":70,"column":9}},{"start":{},"end":{}}]},"6":{"loc":{"start":{"line":74,"column":8},"end":{"line":76,"column":9}},"type":"if","locations":[{"start":{"line":74,"column":8},"end":{"line":76,"column":9}},{"start":{},"end":{}}]},"7":{"loc":{"start":{"line":78,"column":8},"end":{"line":80,"column":9}},"type":"if","locations":[{"start":{"line":78,"column":8},"end":{"line":80,"column":9}},{"start":{},"end":{}}]}},"s":{"0":3,"1":3,"2":3,"3":3,"4":3,"5":3,"6":3,"7":3,"8":5,"9":5,"10":5,"11":0,"12":5,"13":5,"14":1,"15":4,"16":4,"17":4,"18":4,"19":0,"20":0,"21":3,"22":2,"23":2,"24":2,"25":0,"26":2,"27":2,"28":0,"29":2,"30":2,"31":1,"32":1,"33":0,"34":1,"35":1,"36":0,"37":0,"38":3,"39":0,"40":3},"f":{"0":5,"1":2,"2":0},"b":{"0":[0,5],"1":[5,5,5],"2":[1,4],"3":[0,2],"4":[2,2],"5":[0,2],"6":[1,1],"7":[0,1]}}
,"D:\\Abhishek\\Projects\\Mini Investment Platform\\backend\\src\\routes\\investment.routes.ts": {"path":"D:\\Abhishek\\Projects\\Mini Investment Platform\\backend\\src\\routes\\investment.routes.ts","statementMap":{"0":{"start":{"line":2,"column":0},"end":{"line":2,"column":43}},"1":{"start":{"line":3,"column":0},"end":{"line":3,"column":46}},"2":{"start":{"line":4,"column":0},"end":{"line":4,"column":75}},"3":{"start":{"line":6,"column":15},"end":{"line":6,"column":23}},"4":{"start":{"line":7,"column":15},"end":{"line":7,"column":33}},"5":{"start":{"line":9,"column":0},"end":{"line":41,"column":3}},"6":{"start":{"line":10,"column":19},"end":{"line":10,"column":35}},"7":{"start":{"line":11,"column":34},"end":{"line":11,"column":42}},"8":{"start":{"line":13,"column":4},"end":{"line":15,"column":5}},"9":{"start":{"line":14,"column":8},"end":{"line":14,"column":99}},"10":{"start":{"line":16,"column":4},"end":{"line":40,"column":5}},"11":{"start":{"line":17,"column":32},"end":{"line":20,"column":10}},"12":{"start":{"line":21,"column":8},"end":{"line":21,"column":102}},"13":{"start":{"line":21,"column":31},"end":{"line":21,"column":102}},"14":{"start":{"line":22,"column":8},"end":{"line":22,"column":101}},"15":{"start":{"line":22,"column":35},"end":{"line":22,"column":101}},"16":{"start":{"line":23,"column":8},"end":{"line":23,"column":149}},"17":{"start":{"line":23,"column":44},"end":{"line":23,"column":149}},"18":{"start":{"line":24,"column":8},"end":{"line":24,"column":171}},"19":{"start":{"line":24,"column":69},"end":{"line":24,"column":171}},"20":{"start":{"line":26,"column":30},"end":{"line":35,"column":10}},"21":{"start":{"line":27,"column":12},"end":{"line":27,"column":102}},"22":{"start":{"line":28,"column":31},"end":{"line":28,"column":41}},"23":{"start":{"line":29,"column":33},"end":{"line":29,"column":53}},"24":{"start":{"line":30,"column":12},"end":{"line":30,"column":82}},"25":{"start":{"line":31,"column":36},"end":{"line":31,"column":110}},"26":{"start":{"line":32,"column":12},"end":{"line":34,"column":15}},"27":{"start":{"line":36,"column":8},"end":{"line":36,"column":44}},"28":{"start":{"line":38,"column":8},"end":{"line":38,"column":51}},"29":{"start":{"line":39,"column":8},"end":{"line":39,"column":75}},"30":{"start":{"line":43,"column":0},"end":{"line":58,"column":3}},"31":{"start":{"line":44,"column":19},"end":{"line":44,"column":35}},"32":{"start":{"line":45,"column":4},"end":{"line":57,"column":5}},"33":{"start":{"line":46,"column":28},"end":{"line":48,"column":10}},"34":{"start":{"line":49,"column":30},"end":{"line":49,"column":91}},"35":{"start":{"line":49,"column":63},"end":{"line":49,"column":87}},"36":{"start":{"line":50,"column":36},"end":{"line":50,"column":105}},"37":{"start":{"line":50,"column":69},"end":{"line":50,"column":101}},"38":{"start":{"line":51,"column":8},"end":{"line":53,"column":11}},"39":{"start":{"line":55,"column":8},"end":{"line":55,"column":59}},"40":{"start":{"line":56,"column":8},"end":{"line":56,"column":104}},"41":{"start":{"line":60,"column":0},"end":{"line":60,"column":22}}},"fnMap":{"0":{"name":"(anonymous_0)","decl":{"start":{"line":9,"column":33},"end":{"line":9,"column":38}},"loc":{"start":{"line":9,"column":75},"end":{"line":41,"column":1}}},"1":{"name":"(anonymous_1)","decl":{"start":{"line":26,"column":56},"end":{"line":26,"column":61}},"loc":{"start":{"line":26,"column":69},"end":{"line":35,"column":9}}},"2":{"name":"(anonymous_2)","decl":{"start":{"line":43,"column":41},"end":{"line":43,"column":46}},"loc":{"start":{"line":43,"column":83},"end":{"line":58,"column":1}}},"3":{"name":"(anonymous_3)","decl":{"start":{"line":49,"column":49},"end":{"line":49,"column":50}},"loc":{"start":{"line":49,"column":63},"end":{"line":49,"column":87}}},"4":{"name":"(anonymous_4)","decl":{"start":{"line":50,"column":55},"end":{"line":50,"column":56}},"loc":{"start":{"line":50,"column":69},"end":{"line":50,"column":101}}}},"branchMap":{"0":{"loc":{"start":{"line":13,"column":4},"end":{"line":15,"column":5}},"type":"if","locations":[{"start":{"line":13,"column":4},"end":{"line":15,"column":5}},{"start":{},"end":{}}]},"1":{"loc":{"start":{"line":13,"column":8},"end":{"line":13,"column":44}},"type":"binary-expr","locations":[{"start":{"line":13,"column":8},"end":{"line":13,"column":18}},{"start":{"line":13,"column":22},"end":{"line":13,"column":29}},{"start":{"line":13,"column":33},"end":{"line":13,"column":44}}]},"2":{"loc":{"start":{"line":21,"column":8},"end":{"line":21,"column":102}},"type":"if","locations":[{"start":{"line":21,"column":8},"end":{"line":21,"column":102}},{"start":{},"end":{}}]},"3":{"loc":{"start":{"line":21,"column":12},"end":{"line":21,"column":29}},"type":"binary-expr","locations":[{"start":{"line":21,"column":12},"end":{"line":21,"column":17}},{"start":{"line":21,"column":21},"end":{"line":21,"column":29}}]},"4":{"loc":{"start":{"line":22,"column":8},"end":{"line":22,"column":101}},"type":"if","locations":[{"start":{"line":22,"column":8},"end":{"line":22,"column":101}},{"start":{},"end":{}}]},"5":{"loc":{"start":{"line":23,"column":8},"end":{"line":23,"column":149}},"type":"if","locations":[{"start":{"line":23,"column":8},"end":{"line":23,"column":149}},{"start":{},"end":{}}]},"6":{"loc":{"start":{"line":24,"column":8},"end":{"line":24,"column":171}},"type":"if","locations":[{"start":{"line":24,"column":8},"end":{"line":24,"column":171}},{"start":{},"end":{}}]},"7":{"loc":{"start":{"line":24,"column":12},"end":{"line":24,"column":67}},"type":"binary-expr","locations":[{"start":{"line":24,"column":12},"end":{"line":24,"column":33}},{"start":{"line":24,"column":37},"end":{"line":24,"column":67}}]}},"s":{"0":3,"1":3,"2":3,"3":3,"4":3,"5":3,"6":0,"7":0,"8":0,"9":0,"10":0,"11":0,"12":0,"13":0,"14":0,"15":0,"16":0,"17":0,"18":0,"19":0,"20":0,"21":0,"22":0,"23":0,"24":0,"25":0,"26":0,"27":0,"28":0,"29":0,"30":3,"31":0,"32":0,"33":0,"34":0,"35":0,"36":0,"37":0,"38":0,"39":0,"40":0,"41":3},"f":{"0":0,"1":0,"2":0,"3":0,"4":0},"b":{"0":[0,0],"1":[0,0,0],"2":[0,0],"3":[0,0],"4":[0,0],"5":[0,0],"6":[0,0],"7":[0,0]}}
,"D:\\Abhishek\\Projects\\Mini Investment Platform\\backend\\src\\routes\\product.routes.ts": {"path":"D:\\Abhishek\\Projects\\Mini Investment Platform\\backend\\src\\routes\\product.routes.ts","statementMap":{"0":{"start":{"line":3,"column":0},"end":{"line":3,"column":43}},"1":{"start":{"line":4,"column":0},"end":{"line":4,"column":46}},"2":{"start":{"line":5,"column":0},"end":{"line":5,"column":75}},"3":{"start":{"line":6,"column":0},"end":{"line":6,"column":64}},"4":{"start":{"line":8,"column":15},"end":{"line":8,"column":23}},"5":{"start":{"line":9,"column":15},"end":{"line":9,"column":33}},"6":{"start":{"line":13,"column":0},"end":{"line":21,"column":3}},"7":{"start":{"line":14,"column":4},"end":{"line":20,"column":5}},"8":{"start":{"line":15,"column":25},"end":{"line":15,"column":66}},"9":{"start":{"line":16,"column":8},"end":{"line":16,"column":39}},"10":{"start":{"line":18,"column":8},"end":{"line":18,"column":29}},"11":{"start":{"line":19,"column":8},"end":{"line":19,"column":99}},"12":{"start":{"line":24,"column":0},"end":{"line":35,"column":3}},"13":{"start":{"line":25,"column":4},"end":{"line":34,"column":5}},"14":{"start":{"line":26,"column":28},"end":{"line":26,"column":36}},"15":{"start":{"line":27,"column":27},"end":{"line":29,"column":10}},"16":{"start":{"line":30,"column":8},"end":{"line":30,"column":41}},"17":{"start":{"line":32,"column":8},"end":{"line":32,"column":29}},"18":{"start":{"line":33,"column":8},"end":{"line":33,"column":102}},"19":{"start":{"line":38,"column":0},"end":{"line":51,"column":3}},"20":{"start":{"line":39,"column":4},"end":{"line":50,"column":5}},"21":{"start":{"line":40,"column":23},"end":{"line":40,"column":33}},"22":{"start":{"line":41,"column":28},"end":{"line":41,"column":36}},"23":{"start":{"line":42,"column":31},"end":{"line":45,"column":10}},"24":{"start":{"line":46,"column":8},"end":{"line":46,"column":45}},"25":{"start":{"line":48,"column":8},"end":{"line":48,"column":29}},"26":{"start":{"line":49,"column":8},"end":{"line":49,"column":102}},"27":{"start":{"line":54,"column":0},"end":{"line":65,"column":3}},"28":{"start":{"line":55,"column":4},"end":{"line":64,"column":5}},"29":{"start":{"line":56,"column":23},"end":{"line":56,"column":33}},"30":{"start":{"line":57,"column":8},"end":{"line":59,"column":11}},"31":{"start":{"line":60,"column":8},"end":{"line":60,"column":75}},"32":{"start":{"line":62,"column":8},"end":{"line":62,"column":29}},"33":{"start":{"line":63,"column":8},"end":{"line":63,"column":102}},"34":{"start":{"line":67,"column":0},"end":{"line":67,"column":22}}},"fnMap":{"0":{"name":"(anonymous_0)","decl":{"start":{"line":13,"column":32},"end":{"line":13,"column":37}},"loc":{"start":{"line":13,"column":74},"end":{"line":21,"column":1}}},"1":{"name":"(anonymous_1)","decl":{"start":{"line":24,"column":50},"end":{"line":24,"column":55}},"loc":{"start":{"line":24,"column":92},"end":{"line":35,"column":1}}},"2":{"name":"(anonymous_2)","decl":{"start":{"line":38,"column":52},"end":{"line":38,"column":57}},"loc":{"start":{"line":38,"column":94},"end":{"line":51,"column":1}}},"3":{"name":"(anonymous_3)","decl":{"start":{"line":54,"column":55},"end":{"line":54,"column":60}},"loc":{"start":{"line":54,"column":97},"end":{"line":65,"column":1}}}},"branchMap":{},"s":{"0":3,"1":3,"2":3,"3":3,"4":3,"5":3,"6":3,"7":2,"8":2,"9":2,"10":0,"11":0,"12":3,"13":3,"14":3,"15":3,"16":3,"17":0,"18":0,"19":3,"20":1,"21":1,"22":1,"23":1,"24":1,"25":0,"26":0,"27":3,"28":1,"29":1,"30":1,"31":1,"32":0,"33":0,"34":3},"f":{"0":2,"1":3,"2":1,"3":1},"b":{}}
}
