TN:
SF:src\app.ts
FNF:0
FNH:0
DA:2,3
DA:3,3
DA:4,3
DA:5,3
DA:6,3
DA:8,3
DA:10,3
DA:11,3
DA:13,3
DA:14,3
DA:15,3
LF:11
LH:11
BRF:0
BRH:0
end_of_record
TN:
SF:src\middleware\adminMiddleware.ts
FN:9,(anonymous_0)
FNF:1
FNH:1
FNDA:6,(anonymous_0)
DA:7,3
DA:9,3
DA:10,6
DA:12,0
DA:13,0
DA:16,6
DA:17,1
DA:20,5
LF:8
LH:6
BRDA:10,0,0,0
BRDA:10,0,1,6
BRDA:16,1,0,1
BRDA:16,1,1,5
BRF:4
BRH:3
end_of_record
TN:
SF:src\middleware\authMiddleware.ts
FN:9,(anonymous_1)
FN:20,(anonymous_2)
FNF:2
FNH:2
FNDA:8,(anonymous_1)
FNDA:8,(anonymous_2)
DA:2,3
DA:9,3
DA:11,8
DA:12,8
DA:14,8
DA:16,0
DA:20,8
DA:21,8
DA:23,0
DA:27,8
DA:30,8
LF:11
LH:9
BRDA:12,0,0,8
BRDA:12,0,1,8
BRDA:14,1,0,0
BRDA:14,1,1,8
BRDA:21,2,0,0
BRDA:21,2,1,8
BRF:6
BRH:4
end_of_record
TN:
SF:src\middleware\loggerMiddleware.ts
FN:9,(anonymous_1)
FN:14,(anonymous_2)
FNF:2
FNH:2
FNDA:15,(anonymous_1)
FNDA:15,(anonymous_2)
DA:3,3
DA:5,3
DA:7,3
DA:9,3
DA:11,15
DA:14,15
DA:15,15
DA:17,15
DA:19,0
DA:20,0
DA:22,0
DA:23,0
DA:25,0
DA:26,0
DA:27,0
DA:28,0
DA:29,0
DA:34,0
DA:35,0
DA:46,0
LF:20
LH:8
BRDA:17,0,0,15
BRDA:17,0,1,0
BRDA:23,1,0,0
BRDA:23,1,1,0
BRDA:25,2,0,0
BRDA:25,2,1,0
BRDA:27,3,0,0
BRDA:27,3,1,0
BRDA:29,4,0,0
BRDA:29,4,1,0
BRDA:34,5,0,0
BRDA:34,5,1,0
BRF:12
BRH:1
end_of_record
TN:
SF:src\routes\auth.routes.ts
FN:13,(anonymous_1)
FN:56,(anonymous_2)
FN:96,(anonymous_3)
FNF:3
FNH:2
FNDA:5,(anonymous_1)
FNDA:2,(anonymous_2)
FNDA:0,(anonymous_3)
DA:3,3
DA:4,3
DA:5,3
DA:6,3
DA:7,3
DA:9,3
DA:10,3
DA:13,3
DA:14,5
DA:15,5
DA:17,5
DA:18,0
DA:21,5
DA:25,5
DA:26,1
DA:29,4
DA:31,4
DA:40,4
DA:48,4
DA:50,0
DA:51,0
DA:56,3
DA:57,2
DA:58,2
DA:60,2
DA:61,0
DA:64,2
DA:68,2
DA:69,0
DA:72,2
DA:74,2
DA:75,1
DA:78,1
DA:79,0
DA:82,1
DA:88,1
DA:90,0
DA:91,0
DA:96,3
DA:97,0
DA:103,3
LF:41
LH:32
BRDA:17,0,0,0
BRDA:17,0,1,5
BRDA:17,1,0,5
BRDA:17,1,1,5
BRDA:17,1,2,5
BRDA:25,2,0,1
BRDA:25,2,1,4
BRDA:60,3,0,0
BRDA:60,3,1,2
BRDA:60,4,0,2
BRDA:60,4,1,2
BRDA:68,5,0,0
BRDA:68,5,1,2
BRDA:74,6,0,1
BRDA:74,6,1,1
BRDA:78,7,0,0
BRDA:78,7,1,1
BRF:17
BRH:13
end_of_record
TN:
SF:src\routes\investment.routes.ts
FN:9,(anonymous_0)
FN:26,(anonymous_1)
FN:43,(anonymous_2)
FN:49,(anonymous_3)
FN:50,(anonymous_4)
FNF:5
FNH:0
FNDA:0,(anonymous_0)
FNDA:0,(anonymous_1)
FNDA:0,(anonymous_2)
FNDA:0,(anonymous_3)
FNDA:0,(anonymous_4)
DA:2,3
DA:3,3
DA:4,3
DA:6,3
DA:7,3
DA:9,3
DA:10,0
DA:11,0
DA:13,0
DA:14,0
DA:16,0
DA:17,0
DA:21,0
DA:22,0
DA:23,0
DA:24,0
DA:26,0
DA:27,0
DA:28,0
DA:29,0
DA:30,0
DA:31,0
DA:32,0
DA:36,0
DA:38,0
DA:39,0
DA:43,3
DA:44,0
DA:45,0
DA:46,0
DA:49,0
DA:50,0
DA:51,0
DA:55,0
DA:56,0
DA:60,3
LF:36
LH:8
BRDA:13,0,0,0
BRDA:13,0,1,0
BRDA:13,1,0,0
BRDA:13,1,1,0
BRDA:13,1,2,0
BRDA:21,2,0,0
BRDA:21,2,1,0
BRDA:21,3,0,0
BRDA:21,3,1,0
BRDA:22,4,0,0
BRDA:22,4,1,0
BRDA:23,5,0,0
BRDA:23,5,1,0
BRDA:24,6,0,0
BRDA:24,6,1,0
BRDA:24,7,0,0
BRDA:24,7,1,0
BRF:17
BRH:0
end_of_record
TN:
SF:src\routes\product.routes.ts
FN:13,(anonymous_0)
FN:24,(anonymous_1)
FN:38,(anonymous_2)
FN:54,(anonymous_3)
FNF:4
FNH:4
FNDA:2,(anonymous_0)
FNDA:3,(anonymous_1)
FNDA:1,(anonymous_2)
FNDA:1,(anonymous_3)
DA:3,3
DA:4,3
DA:5,3
DA:6,3
DA:8,3
DA:9,3
DA:13,3
DA:14,2
DA:15,2
DA:16,2
DA:18,0
DA:19,0
DA:24,3
DA:25,3
DA:26,3
DA:27,3
DA:30,3
DA:32,0
DA:33,0
DA:38,3
DA:39,1
DA:40,1
DA:41,1
DA:42,1
DA:46,1
DA:48,0
DA:49,0
DA:54,3
DA:55,1
DA:56,1
DA:57,1
DA:60,1
DA:62,0
DA:63,0
DA:67,3
LF:35
LH:27
BRF:0
BRH:0
end_of_record
